2022-02-28_11-26-31 [main] INFO  o.s.b.t.c.SpringBootTestContextBootstrapper - Neither @ContextConfiguration nor @ContextHierarchy found for test class [com.cts.portal.ApplicationStartTest], using SpringBootContextLoader
2022-02-28_11-26-31 [main] INFO  o.s.t.c.s.AbstractContextLoader - Could not detect default resource locations for test class [com.cts.portal.ApplicationStartTest]: no resource found for suffixes {-context.xml, Context.groovy}.
2022-02-28_11-26-31 [main] INFO  o.s.t.c.s.AnnotationConfigContextLoaderUtils - Could not detect default configuration classes for test class [com.cts.portal.ApplicationStartTest]: ApplicationStartTest does not declare any static, non-private, non-final, nested classes annotated with @Configuration.
2022-02-28_11-26-31 [main] INFO  o.s.b.t.c.SpringBootTestContextBootstrapper - Found @SpringBootConfiguration com.cts.portal.PortalMicroserviceApplication for test class com.cts.portal.ApplicationStartTest
2022-02-28_11-26-31 [main] INFO  o.s.b.t.c.SpringBootTestContextBootstrapper - Loaded default TestExecutionListener class names from location [META-INF/spring.factories]: [org.springframework.boot.test.mock.mockito.MockitoTestExecutionListener, org.springframework.boot.test.mock.mockito.ResetMocksTestExecutionListener, org.springframework.boot.test.autoconfigure.restdocs.RestDocsTestExecutionListener, org.springframework.boot.test.autoconfigure.web.client.MockRestServiceServerResetTestExecutionListener, org.springframework.boot.test.autoconfigure.web.servlet.MockMvcPrintOnlyOnFailureTestExecutionListener, org.springframework.boot.test.autoconfigure.web.servlet.WebDriverTestExecutionListener, org.springframework.boot.test.autoconfigure.webservices.client.MockWebServiceServerTestExecutionListener, org.springframework.test.context.web.ServletTestExecutionListener, org.springframework.test.context.support.DirtiesContextBeforeModesTestExecutionListener, org.springframework.test.context.event.ApplicationEventsTestExecutionListener, org.springframework.test.context.support.DependencyInjectionTestExecutionListener, org.springframework.test.context.support.DirtiesContextTestExecutionListener, org.springframework.test.context.transaction.TransactionalTestExecutionListener, org.springframework.test.context.jdbc.SqlScriptsTestExecutionListener, org.springframework.test.context.event.EventPublishingTestExecutionListener]
2022-02-28_11-26-31 [main] INFO  o.s.b.t.c.SpringBootTestContextBootstrapper - Using TestExecutionListeners: [org.springframework.test.context.web.ServletTestExecutionListener@2b289ac9, org.springframework.test.context.support.DirtiesContextBeforeModesTestExecutionListener@4eb1c69, org.springframework.test.context.event.ApplicationEventsTestExecutionListener@73d3e555, org.springframework.boot.test.mock.mockito.MockitoTestExecutionListener@2b037cfc, org.springframework.boot.test.autoconfigure.SpringBootDependencyInjectionTestExecutionListener@44924587, org.springframework.test.context.support.DirtiesContextTestExecutionListener@18460128, org.springframework.test.context.event.EventPublishingTestExecutionListener@74d3b638, org.springframework.boot.test.mock.mockito.ResetMocksTestExecutionListener@4487c0c2, org.springframework.boot.test.autoconfigure.restdocs.RestDocsTestExecutionListener@126f1ba8, org.springframework.boot.test.autoconfigure.web.client.MockRestServiceServerResetTestExecutionListener@3a08078c, org.springframework.boot.test.autoconfigure.web.servlet.MockMvcPrintOnlyOnFailureTestExecutionListener@53830483, org.springframework.boot.test.autoconfigure.web.servlet.WebDriverTestExecutionListener@29f85fe1, org.springframework.boot.test.autoconfigure.webservices.client.MockWebServiceServerTestExecutionListener@43a0a32d]
2022-02-28_11-26-32 [background-preinit] INFO  o.h.validator.internal.util.Version - HV000001: Hibernate Validator 6.1.7.Final
2022-02-28_11-26-32 [main] INFO  com.cts.portal.ApplicationStartTest - Starting ApplicationStartTest using Java 17.0.1 on Vasu-PC with PID 11580 (started by vasu2 in F:\eclipse\workspace\Project1\CDE-Project-International-Patients-treatment-management\Portal-Microservice)
2022-02-28_11-26-32 [main] INFO  com.cts.portal.ApplicationStartTest - No active profile set, falling back to default profiles: default
2022-02-28_11-26-32 [main] INFO  o.s.cloud.context.scope.GenericScope - BeanFactory id=50b9c79d-ca92-3801-a0bc-1c4c660a47ce
2022-02-28_11-26-32 [main] INFO  o.s.c.s.PostProcessorRegistrationDelegate$BeanPostProcessorChecker - Bean 'com.cts.portal.feign.AuthorisingClient' of type [org.springframework.cloud.openfeign.FeignClientFactoryBean] is not eligible for getting processed by all BeanPostProcessors (for example: not eligible for auto-proxying)
2022-02-28_11-26-32 [main] INFO  o.s.c.s.PostProcessorRegistrationDelegate$BeanPostProcessorChecker - Bean 'com.cts.portal.feign.IPTreatmentClient' of type [org.springframework.cloud.openfeign.FeignClientFactoryBean] is not eligible for getting processed by all BeanPostProcessors (for example: not eligible for auto-proxying)
2022-02-28_11-26-32 [main] INFO  o.s.c.s.PostProcessorRegistrationDelegate$BeanPostProcessorChecker - Bean 'com.cts.portal.feign.IPTreatmentOfferingClient' of type [org.springframework.cloud.openfeign.FeignClientFactoryBean] is not eligible for getting processed by all BeanPostProcessors (for example: not eligible for auto-proxying)
2022-02-28_11-26-32 [main] INFO  o.s.c.s.PostProcessorRegistrationDelegate$BeanPostProcessorChecker - Bean 'com.cts.portal.feign.InsuranceClaimClient' of type [org.springframework.cloud.openfeign.FeignClientFactoryBean] is not eligible for getting processed by all BeanPostProcessors (for example: not eligible for auto-proxying)
2022-02-28_11-26-32 [main] INFO  s.d.s.w.PropertySourcedRequestMappingHandlerMapping - Mapped URL path [/v2/api-docs] onto method [springfox.documentation.swagger2.web.Swagger2Controller#getDocumentation(String, HttpServletRequest)]
2022-02-28_11-26-32 [main] INFO  o.s.s.c.ThreadPoolTaskExecutor - Initializing ExecutorService 'applicationTaskExecutor'
2022-02-28_11-26-32 [main] INFO  s.d.s.w.p.DocumentationPluginsBootstrapper - Context refreshed
2022-02-28_11-26-32 [main] INFO  s.d.s.w.p.DocumentationPluginsBootstrapper - Found 1 custom documentation plugin(s)
2022-02-28_11-26-32 [main] INFO  s.d.s.w.s.ApiListingReferenceScanner - Scanning for api listing references
2022-02-28_11-26-32 [main] INFO  com.cts.portal.ApplicationStartTest - Started ApplicationStartTest in 2.633 seconds (JVM running for 4.006)
2022-02-28_11-26-34 [main] INFO  c.c.p.PortalMicroserviceApplication - Starting PortalMicroserviceApplication using Java 17.0.1 on Vasu-PC with PID 11580 (started by vasu2 in F:\eclipse\workspace\Project1\CDE-Project-International-Patients-treatment-management\Portal-Microservice)
2022-02-28_11-26-34 [main] INFO  c.c.p.PortalMicroserviceApplication - No active profile set, falling back to default profiles: default
2022-02-28_11-26-34 [main] INFO  o.s.cloud.context.scope.GenericScope - BeanFactory id=e1be855c-73f9-3fff-adbe-c6e19da4d38f
2022-02-28_11-26-34 [main] INFO  o.s.c.s.PostProcessorRegistrationDelegate$BeanPostProcessorChecker - Bean 'com.cts.portal.feign.AuthorisingClient' of type [org.springframework.cloud.openfeign.FeignClientFactoryBean] is not eligible for getting processed by all BeanPostProcessors (for example: not eligible for auto-proxying)
2022-02-28_11-26-34 [main] INFO  o.s.c.s.PostProcessorRegistrationDelegate$BeanPostProcessorChecker - Bean 'com.cts.portal.feign.IPTreatmentClient' of type [org.springframework.cloud.openfeign.FeignClientFactoryBean] is not eligible for getting processed by all BeanPostProcessors (for example: not eligible for auto-proxying)
2022-02-28_11-26-34 [main] INFO  o.s.c.s.PostProcessorRegistrationDelegate$BeanPostProcessorChecker - Bean 'com.cts.portal.feign.IPTreatmentOfferingClient' of type [org.springframework.cloud.openfeign.FeignClientFactoryBean] is not eligible for getting processed by all BeanPostProcessors (for example: not eligible for auto-proxying)
2022-02-28_11-26-34 [main] INFO  o.s.c.s.PostProcessorRegistrationDelegate$BeanPostProcessorChecker - Bean 'com.cts.portal.feign.InsuranceClaimClient' of type [org.springframework.cloud.openfeign.FeignClientFactoryBean] is not eligible for getting processed by all BeanPostProcessors (for example: not eligible for auto-proxying)
2022-02-28_11-26-34 [main] INFO  o.s.b.w.e.tomcat.TomcatWebServer - Tomcat initialized with port(s): 8500 (http)
2022-02-28_11-26-34 [main] INFO  o.a.coyote.http11.Http11NioProtocol - Initializing ProtocolHandler ["http-nio-8500"]
2022-02-28_11-26-34 [main] INFO  o.a.catalina.core.StandardService - Starting service [Tomcat]
2022-02-28_11-26-34 [main] INFO  o.a.catalina.core.StandardEngine - Starting Servlet engine: [Apache Tomcat/9.0.41]
2022-02-28_11-26-34 [main] INFO  org.apache.jasper.servlet.TldScanner - At least one JAR was scanned for TLDs yet contained no TLDs. Enable debug logging for this logger for a complete list of JARs that were scanned but no TLDs were found in them. Skipping unneeded JARs during scanning can improve startup time and JSP compilation time.
2022-02-28_11-26-34 [main] INFO  o.a.c.c.C.[Tomcat].[localhost].[/] - Initializing Spring embedded WebApplicationContext
2022-02-28_11-26-34 [main] INFO  o.s.b.w.s.c.ServletWebServerApplicationContext - Root WebApplicationContext: initialization completed in 708 ms
2022-02-28_11-26-34 [main] INFO  s.d.s.w.PropertySourcedRequestMappingHandlerMapping - Mapped URL path [/v2/api-docs] onto method [springfox.documentation.swagger2.web.Swagger2Controller#getDocumentation(String, HttpServletRequest)]
2022-02-28_11-26-34 [main] INFO  o.s.s.c.ThreadPoolTaskExecutor - Initializing ExecutorService 'applicationTaskExecutor'
2022-02-28_11-26-34 [main] INFO  o.a.coyote.http11.Http11NioProtocol - Starting ProtocolHandler ["http-nio-8500"]
2022-02-28_11-26-34 [main] INFO  o.s.b.w.e.tomcat.TomcatWebServer - Tomcat started on port(s): 8500 (http) with context path ''
2022-02-28_11-26-34 [main] INFO  s.d.s.w.p.DocumentationPluginsBootstrapper - Context refreshed
2022-02-28_11-26-34 [main] INFO  s.d.s.w.p.DocumentationPluginsBootstrapper - Found 1 custom documentation plugin(s)
2022-02-28_11-26-34 [main] INFO  s.d.s.w.s.ApiListingReferenceScanner - Scanning for api listing references
2022-02-28_11-26-34 [main] INFO  c.c.p.PortalMicroserviceApplication - Started PortalMicroserviceApplication in 1.301 seconds (JVM running for 5.327)
2022-02-28_11-26-34 [main] INFO  o.s.b.t.c.SpringBootTestContextBootstrapper - Neither @ContextConfiguration nor @ContextHierarchy found for test class [com.cts.portal.PortalMicroserviceApplicationTests], using SpringBootContextLoader
2022-02-28_11-26-34 [main] INFO  o.s.t.c.s.AbstractContextLoader - Could not detect default resource locations for test class [com.cts.portal.PortalMicroserviceApplicationTests]: no resource found for suffixes {-context.xml, Context.groovy}.
2022-02-28_11-26-34 [main] INFO  o.s.t.c.s.AnnotationConfigContextLoaderUtils - Could not detect default configuration classes for test class [com.cts.portal.PortalMicroserviceApplicationTests]: PortalMicroserviceApplicationTests does not declare any static, non-private, non-final, nested classes annotated with @Configuration.
2022-02-28_11-26-34 [main] INFO  o.s.b.t.c.SpringBootTestContextBootstrapper - Found @SpringBootConfiguration com.cts.portal.PortalMicroserviceApplication for test class com.cts.portal.PortalMicroserviceApplicationTests
2022-02-28_11-26-34 [main] INFO  o.s.b.t.c.SpringBootTestContextBootstrapper - Loaded default TestExecutionListener class names from location [META-INF/spring.factories]: [org.springframework.boot.test.mock.mockito.MockitoTestExecutionListener, org.springframework.boot.test.mock.mockito.ResetMocksTestExecutionListener, org.springframework.boot.test.autoconfigure.restdocs.RestDocsTestExecutionListener, org.springframework.boot.test.autoconfigure.web.client.MockRestServiceServerResetTestExecutionListener, org.springframework.boot.test.autoconfigure.web.servlet.MockMvcPrintOnlyOnFailureTestExecutionListener, org.springframework.boot.test.autoconfigure.web.servlet.WebDriverTestExecutionListener, org.springframework.boot.test.autoconfigure.webservices.client.MockWebServiceServerTestExecutionListener, org.springframework.test.context.web.ServletTestExecutionListener, org.springframework.test.context.support.DirtiesContextBeforeModesTestExecutionListener, org.springframework.test.context.event.ApplicationEventsTestExecutionListener, org.springframework.test.context.support.DependencyInjectionTestExecutionListener, org.springframework.test.context.support.DirtiesContextTestExecutionListener, org.springframework.test.context.transaction.TransactionalTestExecutionListener, org.springframework.test.context.jdbc.SqlScriptsTestExecutionListener, org.springframework.test.context.event.EventPublishingTestExecutionListener]
2022-02-28_11-26-34 [main] INFO  o.s.b.t.c.SpringBootTestContextBootstrapper - Using TestExecutionListeners: [org.springframework.test.context.web.ServletTestExecutionListener@60ae950f, org.springframework.test.context.support.DirtiesContextBeforeModesTestExecutionListener@321302bc, org.springframework.test.context.event.ApplicationEventsTestExecutionListener@89dd102, org.springframework.boot.test.mock.mockito.MockitoTestExecutionListener@2b826482, org.springframework.boot.test.autoconfigure.SpringBootDependencyInjectionTestExecutionListener@3f908a10, org.springframework.test.context.support.DirtiesContextTestExecutionListener@153c69bc, org.springframework.test.context.event.EventPublishingTestExecutionListener@73cfafd8, org.springframework.boot.test.mock.mockito.ResetMocksTestExecutionListener@4b517357, org.springframework.boot.test.autoconfigure.restdocs.RestDocsTestExecutionListener@702ab027, org.springframework.boot.test.autoconfigure.web.client.MockRestServiceServerResetTestExecutionListener@62d5617, org.springframework.boot.test.autoconfigure.web.servlet.MockMvcPrintOnlyOnFailureTestExecutionListener@8929865, org.springframework.boot.test.autoconfigure.web.servlet.WebDriverTestExecutionListener@489989eb, org.springframework.boot.test.autoconfigure.webservices.client.MockWebServiceServerTestExecutionListener@6d97a357]
2022-02-28_11-26-34 [SpringContextShutdownHook] INFO  o.s.s.c.ThreadPoolTaskExecutor - Shutting down ExecutorService 'applicationTaskExecutor'
2022-02-28_11-26-34 [SpringContextShutdownHook] INFO  o.s.s.c.ThreadPoolTaskExecutor - Shutting down ExecutorService 'applicationTaskExecutor'
2022-02-28_11-27-17 [main] INFO  o.s.b.t.c.SpringBootTestContextBootstrapper - Neither @ContextConfiguration nor @ContextHierarchy found for test class [com.cts.portal.ApplicationStartTest], using SpringBootContextLoader
2022-02-28_11-27-17 [main] INFO  o.s.t.c.s.AbstractContextLoader - Could not detect default resource locations for test class [com.cts.portal.ApplicationStartTest]: no resource found for suffixes {-context.xml, Context.groovy}.
2022-02-28_11-27-17 [main] INFO  o.s.t.c.s.AnnotationConfigContextLoaderUtils - Could not detect default configuration classes for test class [com.cts.portal.ApplicationStartTest]: ApplicationStartTest does not declare any static, non-private, non-final, nested classes annotated with @Configuration.
2022-02-28_11-27-17 [main] INFO  o.s.b.t.c.SpringBootTestContextBootstrapper - Found @SpringBootConfiguration com.cts.portal.PortalMicroserviceApplication for test class com.cts.portal.ApplicationStartTest
2022-02-28_11-27-17 [main] INFO  o.s.b.t.c.SpringBootTestContextBootstrapper - Loaded default TestExecutionListener class names from location [META-INF/spring.factories]: [org.springframework.boot.test.mock.mockito.MockitoTestExecutionListener, org.springframework.boot.test.mock.mockito.ResetMocksTestExecutionListener, org.springframework.boot.test.autoconfigure.restdocs.RestDocsTestExecutionListener, org.springframework.boot.test.autoconfigure.web.client.MockRestServiceServerResetTestExecutionListener, org.springframework.boot.test.autoconfigure.web.servlet.MockMvcPrintOnlyOnFailureTestExecutionListener, org.springframework.boot.test.autoconfigure.web.servlet.WebDriverTestExecutionListener, org.springframework.boot.test.autoconfigure.webservices.client.MockWebServiceServerTestExecutionListener, org.springframework.test.context.web.ServletTestExecutionListener, org.springframework.test.context.support.DirtiesContextBeforeModesTestExecutionListener, org.springframework.test.context.event.ApplicationEventsTestExecutionListener, org.springframework.test.context.support.DependencyInjectionTestExecutionListener, org.springframework.test.context.support.DirtiesContextTestExecutionListener, org.springframework.test.context.transaction.TransactionalTestExecutionListener, org.springframework.test.context.jdbc.SqlScriptsTestExecutionListener, org.springframework.test.context.event.EventPublishingTestExecutionListener]
2022-02-28_11-27-17 [main] INFO  o.s.b.t.c.SpringBootTestContextBootstrapper - Using TestExecutionListeners: [org.springframework.test.context.web.ServletTestExecutionListener@708dfe10, org.springframework.test.context.support.DirtiesContextBeforeModesTestExecutionListener@18989e0, org.springframework.test.context.event.ApplicationEventsTestExecutionListener@2a120c88, org.springframework.boot.test.mock.mockito.MockitoTestExecutionListener@285bf5ac, org.springframework.boot.test.autoconfigure.SpringBootDependencyInjectionTestExecutionListener@3739f3c9, org.springframework.test.context.support.DirtiesContextTestExecutionListener@7ab2ba47, org.springframework.test.context.event.EventPublishingTestExecutionListener@40fe8fd5, org.springframework.boot.test.mock.mockito.ResetMocksTestExecutionListener@37ffe4f3, org.springframework.boot.test.autoconfigure.restdocs.RestDocsTestExecutionListener@4fa0ee7e, org.springframework.boot.test.autoconfigure.web.client.MockRestServiceServerResetTestExecutionListener@202f054f, org.springframework.boot.test.autoconfigure.web.servlet.MockMvcPrintOnlyOnFailureTestExecutionListener@141bb6b8, org.springframework.boot.test.autoconfigure.web.servlet.WebDriverTestExecutionListener@5c8b10b4, org.springframework.boot.test.autoconfigure.webservices.client.MockWebServiceServerTestExecutionListener@1410d645]
2022-02-28_11-27-18 [background-preinit] INFO  o.h.validator.internal.util.Version - HV000001: Hibernate Validator 6.1.7.Final
2022-02-28_11-27-18 [main] INFO  com.cts.portal.ApplicationStartTest - Starting ApplicationStartTest using Java 17.0.1 on Vasu-PC with PID 10684 (started by vasu2 in F:\eclipse\workspace\Project1\CDE-Project-International-Patients-treatment-management\Portal-Microservice)
2022-02-28_11-27-18 [main] INFO  com.cts.portal.ApplicationStartTest - No active profile set, falling back to default profiles: default
2022-02-28_11-27-18 [main] INFO  o.s.cloud.context.scope.GenericScope - BeanFactory id=50b9c79d-ca92-3801-a0bc-1c4c660a47ce
2022-02-28_11-27-18 [main] INFO  o.s.c.s.PostProcessorRegistrationDelegate$BeanPostProcessorChecker - Bean 'com.cts.portal.feign.AuthorisingClient' of type [org.springframework.cloud.openfeign.FeignClientFactoryBean] is not eligible for getting processed by all BeanPostProcessors (for example: not eligible for auto-proxying)
2022-02-28_11-27-18 [main] INFO  o.s.c.s.PostProcessorRegistrationDelegate$BeanPostProcessorChecker - Bean 'com.cts.portal.feign.IPTreatmentClient' of type [org.springframework.cloud.openfeign.FeignClientFactoryBean] is not eligible for getting processed by all BeanPostProcessors (for example: not eligible for auto-proxying)
2022-02-28_11-27-18 [main] INFO  o.s.c.s.PostProcessorRegistrationDelegate$BeanPostProcessorChecker - Bean 'com.cts.portal.feign.IPTreatmentOfferingClient' of type [org.springframework.cloud.openfeign.FeignClientFactoryBean] is not eligible for getting processed by all BeanPostProcessors (for example: not eligible for auto-proxying)
2022-02-28_11-27-18 [main] INFO  o.s.c.s.PostProcessorRegistrationDelegate$BeanPostProcessorChecker - Bean 'com.cts.portal.feign.InsuranceClaimClient' of type [org.springframework.cloud.openfeign.FeignClientFactoryBean] is not eligible for getting processed by all BeanPostProcessors (for example: not eligible for auto-proxying)
2022-02-28_11-27-18 [main] INFO  s.d.s.w.PropertySourcedRequestMappingHandlerMapping - Mapped URL path [/v2/api-docs] onto method [springfox.documentation.swagger2.web.Swagger2Controller#getDocumentation(String, HttpServletRequest)]
2022-02-28_11-27-18 [main] INFO  o.s.s.c.ThreadPoolTaskExecutor - Initializing ExecutorService 'applicationTaskExecutor'
2022-02-28_11-27-18 [main] INFO  s.d.s.w.p.DocumentationPluginsBootstrapper - Context refreshed
2022-02-28_11-27-18 [main] INFO  s.d.s.w.p.DocumentationPluginsBootstrapper - Found 1 custom documentation plugin(s)
2022-02-28_11-27-18 [main] INFO  s.d.s.w.s.ApiListingReferenceScanner - Scanning for api listing references
2022-02-28_11-27-18 [main] INFO  com.cts.portal.ApplicationStartTest - Started ApplicationStartTest in 3.39 seconds (JVM running for 5.955)
2022-02-28_11-27-22 [main] INFO  c.c.p.PortalMicroserviceApplication - Starting PortalMicroserviceApplication using Java 17.0.1 on Vasu-PC with PID 10684 (started by vasu2 in F:\eclipse\workspace\Project1\CDE-Project-International-Patients-treatment-management\Portal-Microservice)
2022-02-28_11-27-22 [main] INFO  c.c.p.PortalMicroserviceApplication - No active profile set, falling back to default profiles: default
2022-02-28_11-27-22 [main] INFO  o.s.cloud.context.scope.GenericScope - BeanFactory id=e1be855c-73f9-3fff-adbe-c6e19da4d38f
2022-02-28_11-27-22 [main] INFO  o.s.c.s.PostProcessorRegistrationDelegate$BeanPostProcessorChecker - Bean 'com.cts.portal.feign.AuthorisingClient' of type [org.springframework.cloud.openfeign.FeignClientFactoryBean] is not eligible for getting processed by all BeanPostProcessors (for example: not eligible for auto-proxying)
2022-02-28_11-27-22 [main] INFO  o.s.c.s.PostProcessorRegistrationDelegate$BeanPostProcessorChecker - Bean 'com.cts.portal.feign.IPTreatmentClient' of type [org.springframework.cloud.openfeign.FeignClientFactoryBean] is not eligible for getting processed by all BeanPostProcessors (for example: not eligible for auto-proxying)
2022-02-28_11-27-22 [main] INFO  o.s.c.s.PostProcessorRegistrationDelegate$BeanPostProcessorChecker - Bean 'com.cts.portal.feign.IPTreatmentOfferingClient' of type [org.springframework.cloud.openfeign.FeignClientFactoryBean] is not eligible for getting processed by all BeanPostProcessors (for example: not eligible for auto-proxying)
2022-02-28_11-27-22 [main] INFO  o.s.c.s.PostProcessorRegistrationDelegate$BeanPostProcessorChecker - Bean 'com.cts.portal.feign.InsuranceClaimClient' of type [org.springframework.cloud.openfeign.FeignClientFactoryBean] is not eligible for getting processed by all BeanPostProcessors (for example: not eligible for auto-proxying)
2022-02-28_11-27-22 [main] INFO  o.s.b.w.e.tomcat.TomcatWebServer - Tomcat initialized with port(s): 8500 (http)
2022-02-28_11-27-22 [main] INFO  o.a.coyote.http11.Http11NioProtocol - Initializing ProtocolHandler ["http-nio-8500"]
2022-02-28_11-27-22 [main] INFO  o.a.catalina.core.StandardService - Starting service [Tomcat]
2022-02-28_11-27-22 [main] INFO  o.a.catalina.core.StandardEngine - Starting Servlet engine: [Apache Tomcat/9.0.41]
2022-02-28_11-27-22 [main] INFO  org.apache.jasper.servlet.TldScanner - At least one JAR was scanned for TLDs yet contained no TLDs. Enable debug logging for this logger for a complete list of JARs that were scanned but no TLDs were found in them. Skipping unneeded JARs during scanning can improve startup time and JSP compilation time.
2022-02-28_11-27-22 [main] INFO  o.a.c.c.C.[Tomcat].[localhost].[/] - Initializing Spring embedded WebApplicationContext
2022-02-28_11-27-22 [main] INFO  o.s.b.w.s.c.ServletWebServerApplicationContext - Root WebApplicationContext: initialization completed in 793 ms
2022-02-28_11-27-22 [main] INFO  s.d.s.w.PropertySourcedRequestMappingHandlerMapping - Mapped URL path [/v2/api-docs] onto method [springfox.documentation.swagger2.web.Swagger2Controller#getDocumentation(String, HttpServletRequest)]
2022-02-28_11-27-22 [main] INFO  o.s.s.c.ThreadPoolTaskExecutor - Initializing ExecutorService 'applicationTaskExecutor'
2022-02-28_11-27-22 [main] INFO  o.a.coyote.http11.Http11NioProtocol - Starting ProtocolHandler ["http-nio-8500"]
2022-02-28_11-27-22 [main] INFO  o.s.b.w.e.tomcat.TomcatWebServer - Tomcat started on port(s): 8500 (http) with context path ''
2022-02-28_11-27-22 [main] INFO  s.d.s.w.p.DocumentationPluginsBootstrapper - Context refreshed
2022-02-28_11-27-22 [main] INFO  s.d.s.w.p.DocumentationPluginsBootstrapper - Found 1 custom documentation plugin(s)
2022-02-28_11-27-22 [main] INFO  s.d.s.w.s.ApiListingReferenceScanner - Scanning for api listing references
2022-02-28_11-27-22 [main] INFO  c.c.p.PortalMicroserviceApplication - Started PortalMicroserviceApplication in 1.44 seconds (JVM running for 7.449)
2022-02-28_11-27-22 [main] INFO  o.s.b.t.c.SpringBootTestContextBootstrapper - Neither @ContextConfiguration nor @ContextHierarchy found for test class [com.cts.portal.PortalMicroserviceApplicationTests], using SpringBootContextLoader
2022-02-28_11-27-22 [main] INFO  o.s.t.c.s.AbstractContextLoader - Could not detect default resource locations for test class [com.cts.portal.PortalMicroserviceApplicationTests]: no resource found for suffixes {-context.xml, Context.groovy}.
2022-02-28_11-27-22 [main] INFO  o.s.t.c.s.AnnotationConfigContextLoaderUtils - Could not detect default configuration classes for test class [com.cts.portal.PortalMicroserviceApplicationTests]: PortalMicroserviceApplicationTests does not declare any static, non-private, non-final, nested classes annotated with @Configuration.
2022-02-28_11-27-22 [main] INFO  o.s.b.t.c.SpringBootTestContextBootstrapper - Found @SpringBootConfiguration com.cts.portal.PortalMicroserviceApplication for test class com.cts.portal.PortalMicroserviceApplicationTests
2022-02-28_11-27-22 [main] INFO  o.s.b.t.c.SpringBootTestContextBootstrapper - Loaded default TestExecutionListener class names from location [META-INF/spring.factories]: [org.springframework.boot.test.mock.mockito.MockitoTestExecutionListener, org.springframework.boot.test.mock.mockito.ResetMocksTestExecutionListener, org.springframework.boot.test.autoconfigure.restdocs.RestDocsTestExecutionListener, org.springframework.boot.test.autoconfigure.web.client.MockRestServiceServerResetTestExecutionListener, org.springframework.boot.test.autoconfigure.web.servlet.MockMvcPrintOnlyOnFailureTestExecutionListener, org.springframework.boot.test.autoconfigure.web.servlet.WebDriverTestExecutionListener, org.springframework.boot.test.autoconfigure.webservices.client.MockWebServiceServerTestExecutionListener, org.springframework.test.context.web.ServletTestExecutionListener, org.springframework.test.context.support.DirtiesContextBeforeModesTestExecutionListener, org.springframework.test.context.event.ApplicationEventsTestExecutionListener, org.springframework.test.context.support.DependencyInjectionTestExecutionListener, org.springframework.test.context.support.DirtiesContextTestExecutionListener, org.springframework.test.context.transaction.TransactionalTestExecutionListener, org.springframework.test.context.jdbc.SqlScriptsTestExecutionListener, org.springframework.test.context.event.EventPublishingTestExecutionListener]
2022-02-28_11-27-22 [main] INFO  o.s.b.t.c.SpringBootTestContextBootstrapper - Using TestExecutionListeners: [org.springframework.test.context.web.ServletTestExecutionListener@82de8d1, org.springframework.test.context.support.DirtiesContextBeforeModesTestExecutionListener@26cacb6e, org.springframework.test.context.event.ApplicationEventsTestExecutionListener@6445647, org.springframework.boot.test.mock.mockito.MockitoTestExecutionListener@5d06675b, org.springframework.boot.test.autoconfigure.SpringBootDependencyInjectionTestExecutionListener@3a8a774a, org.springframework.test.context.support.DirtiesContextTestExecutionListener@4a6b5ace, org.springframework.test.context.event.EventPublishingTestExecutionListener@6e39cbaa, org.springframework.boot.test.mock.mockito.ResetMocksTestExecutionListener@eb5589, org.springframework.boot.test.autoconfigure.restdocs.RestDocsTestExecutionListener@69b242f9, org.springframework.boot.test.autoconfigure.web.client.MockRestServiceServerResetTestExecutionListener@791fd82b, org.springframework.boot.test.autoconfigure.web.servlet.MockMvcPrintOnlyOnFailureTestExecutionListener@595b2839, org.springframework.boot.test.autoconfigure.web.servlet.WebDriverTestExecutionListener@3467986, org.springframework.boot.test.autoconfigure.webservices.client.MockWebServiceServerTestExecutionListener@7818569d]
2022-02-28_11-27-22 [SpringContextShutdownHook] INFO  o.s.s.c.ThreadPoolTaskExecutor - Shutting down ExecutorService 'applicationTaskExecutor'
2022-02-28_11-27-22 [SpringContextShutdownHook] INFO  o.s.s.c.ThreadPoolTaskExecutor - Shutting down ExecutorService 'applicationTaskExecutor'
2022-02-28_14-47-00 [main] INFO  o.s.b.t.c.SpringBootTestContextBootstrapper - Neither @ContextConfiguration nor @ContextHierarchy found for test class [com.cts.portal.ApplicationStartTest], using SpringBootContextLoader
2022-02-28_14-47-00 [main] INFO  o.s.t.c.s.AbstractContextLoader - Could not detect default resource locations for test class [com.cts.portal.ApplicationStartTest]: no resource found for suffixes {-context.xml, Context.groovy}.
2022-02-28_14-47-00 [main] INFO  o.s.t.c.s.AnnotationConfigContextLoaderUtils - Could not detect default configuration classes for test class [com.cts.portal.ApplicationStartTest]: ApplicationStartTest does not declare any static, non-private, non-final, nested classes annotated with @Configuration.
2022-02-28_14-47-00 [main] INFO  o.s.b.t.c.SpringBootTestContextBootstrapper - Found @SpringBootConfiguration com.cts.portal.PortalMicroserviceApplication for test class com.cts.portal.ApplicationStartTest
2022-02-28_14-47-00 [main] INFO  o.s.b.t.c.SpringBootTestContextBootstrapper - Loaded default TestExecutionListener class names from location [META-INF/spring.factories]: [org.springframework.boot.test.mock.mockito.MockitoTestExecutionListener, org.springframework.boot.test.mock.mockito.ResetMocksTestExecutionListener, org.springframework.boot.test.autoconfigure.restdocs.RestDocsTestExecutionListener, org.springframework.boot.test.autoconfigure.web.client.MockRestServiceServerResetTestExecutionListener, org.springframework.boot.test.autoconfigure.web.servlet.MockMvcPrintOnlyOnFailureTestExecutionListener, org.springframework.boot.test.autoconfigure.web.servlet.WebDriverTestExecutionListener, org.springframework.boot.test.autoconfigure.webservices.client.MockWebServiceServerTestExecutionListener, org.springframework.test.context.web.ServletTestExecutionListener, org.springframework.test.context.support.DirtiesContextBeforeModesTestExecutionListener, org.springframework.test.context.event.ApplicationEventsTestExecutionListener, org.springframework.test.context.support.DependencyInjectionTestExecutionListener, org.springframework.test.context.support.DirtiesContextTestExecutionListener, org.springframework.test.context.transaction.TransactionalTestExecutionListener, org.springframework.test.context.jdbc.SqlScriptsTestExecutionListener, org.springframework.test.context.event.EventPublishingTestExecutionListener]
2022-02-28_14-47-00 [main] INFO  o.s.b.t.c.SpringBootTestContextBootstrapper - Using TestExecutionListeners: [org.springframework.test.context.web.ServletTestExecutionListener@708dfe10, org.springframework.test.context.support.DirtiesContextBeforeModesTestExecutionListener@18989e0, org.springframework.test.context.event.ApplicationEventsTestExecutionListener@2a120c88, org.springframework.boot.test.mock.mockito.MockitoTestExecutionListener@285bf5ac, org.springframework.boot.test.autoconfigure.SpringBootDependencyInjectionTestExecutionListener@3739f3c9, org.springframework.test.context.support.DirtiesContextTestExecutionListener@7ab2ba47, org.springframework.test.context.event.EventPublishingTestExecutionListener@40fe8fd5, org.springframework.boot.test.mock.mockito.ResetMocksTestExecutionListener@37ffe4f3, org.springframework.boot.test.autoconfigure.restdocs.RestDocsTestExecutionListener@4fa0ee7e, org.springframework.boot.test.autoconfigure.web.client.MockRestServiceServerResetTestExecutionListener@202f054f, org.springframework.boot.test.autoconfigure.web.servlet.MockMvcPrintOnlyOnFailureTestExecutionListener@141bb6b8, org.springframework.boot.test.autoconfigure.web.servlet.WebDriverTestExecutionListener@5c8b10b4, org.springframework.boot.test.autoconfigure.webservices.client.MockWebServiceServerTestExecutionListener@1410d645]
2022-02-28_14-47-01 [background-preinit] INFO  o.h.validator.internal.util.Version - HV000001: Hibernate Validator 6.1.7.Final
2022-02-28_14-47-01 [main] INFO  com.cts.portal.ApplicationStartTest - Starting ApplicationStartTest using Java 17.0.1 on Vasu-PC with PID 5804 (started by vasu2 in F:\eclipse\workspace\Project1\CDE-Project-International-Patients-treatment-management\Portal-Microservice)
2022-02-28_14-47-01 [main] INFO  com.cts.portal.ApplicationStartTest - No active profile set, falling back to default profiles: default
2022-02-28_14-47-01 [main] INFO  o.s.cloud.context.scope.GenericScope - BeanFactory id=50b9c79d-ca92-3801-a0bc-1c4c660a47ce
2022-02-28_14-47-01 [main] INFO  o.s.c.s.PostProcessorRegistrationDelegate$BeanPostProcessorChecker - Bean 'com.cts.portal.feign.AuthorisingClient' of type [org.springframework.cloud.openfeign.FeignClientFactoryBean] is not eligible for getting processed by all BeanPostProcessors (for example: not eligible for auto-proxying)
2022-02-28_14-47-01 [main] INFO  o.s.c.s.PostProcessorRegistrationDelegate$BeanPostProcessorChecker - Bean 'com.cts.portal.feign.IPTreatmentClient' of type [org.springframework.cloud.openfeign.FeignClientFactoryBean] is not eligible for getting processed by all BeanPostProcessors (for example: not eligible for auto-proxying)
2022-02-28_14-47-01 [main] INFO  o.s.c.s.PostProcessorRegistrationDelegate$BeanPostProcessorChecker - Bean 'com.cts.portal.feign.IPTreatmentOfferingClient' of type [org.springframework.cloud.openfeign.FeignClientFactoryBean] is not eligible for getting processed by all BeanPostProcessors (for example: not eligible for auto-proxying)
2022-02-28_14-47-01 [main] INFO  o.s.c.s.PostProcessorRegistrationDelegate$BeanPostProcessorChecker - Bean 'com.cts.portal.feign.InsuranceClaimClient' of type [org.springframework.cloud.openfeign.FeignClientFactoryBean] is not eligible for getting processed by all BeanPostProcessors (for example: not eligible for auto-proxying)
2022-02-28_14-47-01 [main] INFO  s.d.s.w.PropertySourcedRequestMappingHandlerMapping - Mapped URL path [/v2/api-docs] onto method [springfox.documentation.swagger2.web.Swagger2Controller#getDocumentation(String, HttpServletRequest)]
2022-02-28_14-47-01 [main] INFO  o.s.s.c.ThreadPoolTaskExecutor - Initializing ExecutorService 'applicationTaskExecutor'
2022-02-28_14-47-01 [main] INFO  s.d.s.w.p.DocumentationPluginsBootstrapper - Context refreshed
2022-02-28_14-47-01 [main] INFO  s.d.s.w.p.DocumentationPluginsBootstrapper - Found 1 custom documentation plugin(s)
2022-02-28_14-47-01 [main] INFO  s.d.s.w.s.ApiListingReferenceScanner - Scanning for api listing references
2022-02-28_14-47-01 [main] INFO  com.cts.portal.ApplicationStartTest - Started ApplicationStartTest in 3.928 seconds (JVM running for 6.677)
2022-02-28_14-47-05 [main] INFO  c.c.p.PortalMicroserviceApplication - Starting PortalMicroserviceApplication using Java 17.0.1 on Vasu-PC with PID 5804 (started by vasu2 in F:\eclipse\workspace\Project1\CDE-Project-International-Patients-treatment-management\Portal-Microservice)
2022-02-28_14-47-05 [main] INFO  c.c.p.PortalMicroserviceApplication - No active profile set, falling back to default profiles: default
2022-02-28_14-47-05 [main] INFO  o.s.cloud.context.scope.GenericScope - BeanFactory id=e1be855c-73f9-3fff-adbe-c6e19da4d38f
2022-02-28_14-47-05 [main] INFO  o.s.c.s.PostProcessorRegistrationDelegate$BeanPostProcessorChecker - Bean 'com.cts.portal.feign.AuthorisingClient' of type [org.springframework.cloud.openfeign.FeignClientFactoryBean] is not eligible for getting processed by all BeanPostProcessors (for example: not eligible for auto-proxying)
2022-02-28_14-47-05 [main] INFO  o.s.c.s.PostProcessorRegistrationDelegate$BeanPostProcessorChecker - Bean 'com.cts.portal.feign.IPTreatmentClient' of type [org.springframework.cloud.openfeign.FeignClientFactoryBean] is not eligible for getting processed by all BeanPostProcessors (for example: not eligible for auto-proxying)
2022-02-28_14-47-05 [main] INFO  o.s.c.s.PostProcessorRegistrationDelegate$BeanPostProcessorChecker - Bean 'com.cts.portal.feign.IPTreatmentOfferingClient' of type [org.springframework.cloud.openfeign.FeignClientFactoryBean] is not eligible for getting processed by all BeanPostProcessors (for example: not eligible for auto-proxying)
2022-02-28_14-47-05 [main] INFO  o.s.c.s.PostProcessorRegistrationDelegate$BeanPostProcessorChecker - Bean 'com.cts.portal.feign.InsuranceClaimClient' of type [org.springframework.cloud.openfeign.FeignClientFactoryBean] is not eligible for getting processed by all BeanPostProcessors (for example: not eligible for auto-proxying)
2022-02-28_14-47-05 [main] INFO  o.s.b.w.e.tomcat.TomcatWebServer - Tomcat initialized with port(s): 8500 (http)
2022-02-28_14-47-05 [main] INFO  o.a.coyote.http11.Http11NioProtocol - Initializing ProtocolHandler ["http-nio-8500"]
2022-02-28_14-47-05 [main] INFO  o.a.catalina.core.StandardService - Starting service [Tomcat]
2022-02-28_14-47-05 [main] INFO  o.a.catalina.core.StandardEngine - Starting Servlet engine: [Apache Tomcat/9.0.41]
2022-02-28_14-47-05 [main] INFO  org.apache.jasper.servlet.TldScanner - At least one JAR was scanned for TLDs yet contained no TLDs. Enable debug logging for this logger for a complete list of JARs that were scanned but no TLDs were found in them. Skipping unneeded JARs during scanning can improve startup time and JSP compilation time.
2022-02-28_14-47-05 [main] INFO  o.a.c.c.C.[Tomcat].[localhost].[/] - Initializing Spring embedded WebApplicationContext
2022-02-28_14-47-05 [main] INFO  o.s.b.w.s.c.ServletWebServerApplicationContext - Root WebApplicationContext: initialization completed in 832 ms
2022-02-28_14-47-05 [main] INFO  s.d.s.w.PropertySourcedRequestMappingHandlerMapping - Mapped URL path [/v2/api-docs] onto method [springfox.documentation.swagger2.web.Swagger2Controller#getDocumentation(String, HttpServletRequest)]
2022-02-28_14-47-05 [main] INFO  o.s.s.c.ThreadPoolTaskExecutor - Initializing ExecutorService 'applicationTaskExecutor'
2022-02-28_14-47-05 [main] INFO  o.a.coyote.http11.Http11NioProtocol - Starting ProtocolHandler ["http-nio-8500"]
2022-02-28_14-47-05 [main] INFO  o.s.b.w.e.tomcat.TomcatWebServer - Tomcat started on port(s): 8500 (http) with context path ''
2022-02-28_14-47-05 [main] INFO  s.d.s.w.p.DocumentationPluginsBootstrapper - Context refreshed
2022-02-28_14-47-05 [main] INFO  s.d.s.w.p.DocumentationPluginsBootstrapper - Found 1 custom documentation plugin(s)
2022-02-28_14-47-05 [main] INFO  s.d.s.w.s.ApiListingReferenceScanner - Scanning for api listing references
2022-02-28_14-47-05 [main] INFO  c.c.p.PortalMicroserviceApplication - Started PortalMicroserviceApplication in 1.604 seconds (JVM running for 8.309)
2022-02-28_14-47-05 [main] INFO  o.s.b.t.c.SpringBootTestContextBootstrapper - Neither @ContextConfiguration nor @ContextHierarchy found for test class [com.cts.portal.PortalMicroserviceApplicationTests], using SpringBootContextLoader
2022-02-28_14-47-05 [main] INFO  o.s.t.c.s.AbstractContextLoader - Could not detect default resource locations for test class [com.cts.portal.PortalMicroserviceApplicationTests]: no resource found for suffixes {-context.xml, Context.groovy}.
2022-02-28_14-47-05 [main] INFO  o.s.t.c.s.AnnotationConfigContextLoaderUtils - Could not detect default configuration classes for test class [com.cts.portal.PortalMicroserviceApplicationTests]: PortalMicroserviceApplicationTests does not declare any static, non-private, non-final, nested classes annotated with @Configuration.
2022-02-28_14-47-05 [main] INFO  o.s.b.t.c.SpringBootTestContextBootstrapper - Found @SpringBootConfiguration com.cts.portal.PortalMicroserviceApplication for test class com.cts.portal.PortalMicroserviceApplicationTests
2022-02-28_14-47-05 [main] INFO  o.s.b.t.c.SpringBootTestContextBootstrapper - Loaded default TestExecutionListener class names from location [META-INF/spring.factories]: [org.springframework.boot.test.mock.mockito.MockitoTestExecutionListener, org.springframework.boot.test.mock.mockito.ResetMocksTestExecutionListener, org.springframework.boot.test.autoconfigure.restdocs.RestDocsTestExecutionListener, org.springframework.boot.test.autoconfigure.web.client.MockRestServiceServerResetTestExecutionListener, org.springframework.boot.test.autoconfigure.web.servlet.MockMvcPrintOnlyOnFailureTestExecutionListener, org.springframework.boot.test.autoconfigure.web.servlet.WebDriverTestExecutionListener, org.springframework.boot.test.autoconfigure.webservices.client.MockWebServiceServerTestExecutionListener, org.springframework.test.context.web.ServletTestExecutionListener, org.springframework.test.context.support.DirtiesContextBeforeModesTestExecutionListener, org.springframework.test.context.event.ApplicationEventsTestExecutionListener, org.springframework.test.context.support.DependencyInjectionTestExecutionListener, org.springframework.test.context.support.DirtiesContextTestExecutionListener, org.springframework.test.context.transaction.TransactionalTestExecutionListener, org.springframework.test.context.jdbc.SqlScriptsTestExecutionListener, org.springframework.test.context.event.EventPublishingTestExecutionListener]
2022-02-28_14-47-05 [main] INFO  o.s.b.t.c.SpringBootTestContextBootstrapper - Using TestExecutionListeners: [org.springframework.test.context.web.ServletTestExecutionListener@82de8d1, org.springframework.test.context.support.DirtiesContextBeforeModesTestExecutionListener@26cacb6e, org.springframework.test.context.event.ApplicationEventsTestExecutionListener@6445647, org.springframework.boot.test.mock.mockito.MockitoTestExecutionListener@5d06675b, org.springframework.boot.test.autoconfigure.SpringBootDependencyInjectionTestExecutionListener@3a8a774a, org.springframework.test.context.support.DirtiesContextTestExecutionListener@4a6b5ace, org.springframework.test.context.event.EventPublishingTestExecutionListener@6e39cbaa, org.springframework.boot.test.mock.mockito.ResetMocksTestExecutionListener@eb5589, org.springframework.boot.test.autoconfigure.restdocs.RestDocsTestExecutionListener@69b242f9, org.springframework.boot.test.autoconfigure.web.client.MockRestServiceServerResetTestExecutionListener@791fd82b, org.springframework.boot.test.autoconfigure.web.servlet.MockMvcPrintOnlyOnFailureTestExecutionListener@595b2839, org.springframework.boot.test.autoconfigure.web.servlet.WebDriverTestExecutionListener@3467986, org.springframework.boot.test.autoconfigure.webservices.client.MockWebServiceServerTestExecutionListener@7818569d]
2022-02-28_14-47-05 [SpringContextShutdownHook] INFO  o.s.s.c.ThreadPoolTaskExecutor - Shutting down ExecutorService 'applicationTaskExecutor'
2022-02-28_14-47-05 [SpringContextShutdownHook] INFO  o.s.s.c.ThreadPoolTaskExecutor - Shutting down ExecutorService 'applicationTaskExecutor'
2022-02-28_15-17-10 [background-preinit] INFO  o.h.validator.internal.util.Version - HV000001: Hibernate Validator 6.1.7.Final
2022-02-28_15-17-10 [restartedMain] INFO  c.c.p.PortalMicroserviceApplication - Starting PortalMicroserviceApplication using Java 17.0.1 on Vasu-PC with PID 17640 (F:\eclipse\workspace\Project1\CDE-Project-International-Patients-treatment-management\Portal-Microservice\target\classes started by vasu2 in F:\eclipse\workspace\Project1\CDE-Project-International-Patients-treatment-management\Portal-Microservice)
2022-02-28_15-17-10 [restartedMain] INFO  c.c.p.PortalMicroserviceApplication - No active profile set, falling back to default profiles: default
2022-02-28_15-17-10 [restartedMain] INFO  o.s.b.d.e.DevToolsPropertyDefaultsPostProcessor - Devtools property defaults active! Set 'spring.devtools.add-properties' to 'false' to disable
2022-02-28_15-17-10 [restartedMain] INFO  o.s.b.d.e.DevToolsPropertyDefaultsPostProcessor - For additional web related logging consider setting the 'logging.level.web' property to 'DEBUG'
2022-02-28_15-17-10 [restartedMain] INFO  o.s.cloud.context.scope.GenericScope - BeanFactory id=2291ec33-94c2-32c8-8b32-b8903be79cb8
2022-02-28_15-17-10 [restartedMain] INFO  o.s.c.s.PostProcessorRegistrationDelegate$BeanPostProcessorChecker - Bean 'com.cts.portal.feign.AuthorisingClient' of type [org.springframework.cloud.openfeign.FeignClientFactoryBean] is not eligible for getting processed by all BeanPostProcessors (for example: not eligible for auto-proxying)
2022-02-28_15-17-10 [restartedMain] INFO  o.s.c.s.PostProcessorRegistrationDelegate$BeanPostProcessorChecker - Bean 'com.cts.portal.feign.IPTreatmentClient' of type [org.springframework.cloud.openfeign.FeignClientFactoryBean] is not eligible for getting processed by all BeanPostProcessors (for example: not eligible for auto-proxying)
2022-02-28_15-17-10 [restartedMain] INFO  o.s.c.s.PostProcessorRegistrationDelegate$BeanPostProcessorChecker - Bean 'com.cts.portal.feign.IPTreatmentOfferingClient' of type [org.springframework.cloud.openfeign.FeignClientFactoryBean] is not eligible for getting processed by all BeanPostProcessors (for example: not eligible for auto-proxying)
2022-02-28_15-17-10 [restartedMain] INFO  o.s.c.s.PostProcessorRegistrationDelegate$BeanPostProcessorChecker - Bean 'com.cts.portal.feign.InsuranceClaimClient' of type [org.springframework.cloud.openfeign.FeignClientFactoryBean] is not eligible for getting processed by all BeanPostProcessors (for example: not eligible for auto-proxying)
2022-02-28_15-17-10 [restartedMain] INFO  o.s.b.w.e.tomcat.TomcatWebServer - Tomcat initialized with port(s): 8500 (http)
2022-02-28_15-17-10 [restartedMain] INFO  o.a.coyote.http11.Http11NioProtocol - Initializing ProtocolHandler ["http-nio-8500"]
2022-02-28_15-17-10 [restartedMain] INFO  o.a.catalina.core.StandardService - Starting service [Tomcat]
2022-02-28_15-17-10 [restartedMain] INFO  o.a.catalina.core.StandardEngine - Starting Servlet engine: [Apache Tomcat/9.0.41]
2022-02-28_15-17-10 [restartedMain] INFO  org.apache.jasper.servlet.TldScanner - At least one JAR was scanned for TLDs yet contained no TLDs. Enable debug logging for this logger for a complete list of JARs that were scanned but no TLDs were found in them. Skipping unneeded JARs during scanning can improve startup time and JSP compilation time.
2022-02-28_15-17-10 [restartedMain] INFO  o.a.c.c.C.[Tomcat].[localhost].[/] - Initializing Spring embedded WebApplicationContext
2022-02-28_15-17-10 [restartedMain] INFO  o.s.b.w.s.c.ServletWebServerApplicationContext - Root WebApplicationContext: initialization completed in 1708 ms
2022-02-28_15-17-10 [restartedMain] INFO  s.d.s.w.PropertySourcedRequestMappingHandlerMapping - Mapped URL path [/v2/api-docs] onto method [springfox.documentation.swagger2.web.Swagger2Controller#getDocumentation(String, HttpServletRequest)]
2022-02-28_15-17-10 [restartedMain] INFO  o.s.s.c.ThreadPoolTaskExecutor - Initializing ExecutorService 'applicationTaskExecutor'
2022-02-28_15-17-10 [restartedMain] INFO  o.a.coyote.http11.Http11NioProtocol - Starting ProtocolHandler ["http-nio-8500"]
2022-02-28_15-17-10 [restartedMain] INFO  o.s.b.w.e.tomcat.TomcatWebServer - Tomcat started on port(s): 8500 (http) with context path ''
2022-02-28_15-17-10 [restartedMain] INFO  s.d.s.w.p.DocumentationPluginsBootstrapper - Context refreshed
2022-02-28_15-17-10 [restartedMain] INFO  s.d.s.w.p.DocumentationPluginsBootstrapper - Found 1 custom documentation plugin(s)
2022-02-28_15-17-10 [restartedMain] INFO  s.d.s.w.s.ApiListingReferenceScanner - Scanning for api listing references
2022-02-28_15-17-10 [restartedMain] INFO  c.c.p.PortalMicroserviceApplication - Started PortalMicroserviceApplication in 3.289 seconds (JVM running for 3.898)
2022-02-28_15-17-10 [http-nio-8500-exec-1] INFO  o.a.c.c.C.[Tomcat].[localhost].[/] - Initializing Spring DispatcherServlet 'dispatcherServlet'
2022-02-28_15-17-10 [http-nio-8500-exec-1] INFO  o.s.web.servlet.DispatcherServlet - Initializing Servlet 'dispatcherServlet'
2022-02-28_15-17-10 [http-nio-8500-exec-1] INFO  o.s.web.servlet.DispatcherServlet - Completed initialization in 0 ms
